<?xml version="1.0" encoding="UTF-8"?>
<!-- Generated by org.testng.reporters.JUnitReportReporter -->
<testsuite hostname="DESKTOP-8SBS14A" failures="0" tests="2" name="com.advanto.scripts.LoginTest" time="37.716" errors="0" timestamp="2023-06-23T15:15:03 IST" skipped="0">
  <testcase classname="com.advanto.scripts.LoginTest" name="verifyValidLogin" time="15.530"/>
  <system-out/>
  <testcase classname="com.advanto.scripts.LoginTest" name="verifyInvalidLogin" time="22.186"/>
  <system-out/>
</testsuite> <!-- com.advanto.scripts.LoginTest -->
